[debug] [2025-08-09T03:23:42.813Z] ----------------------------------------------------------------------
[debug] [2025-08-09T03:23:42.816Z] Command:       C:\Program Files\nodejs\node.exe C:\Users\willi\AppData\Roaming\npm\node_modules\firebase-tools\lib\bin\firebase.js init hosting
[debug] [2025-08-09T03:23:42.816Z] CLI Version:   14.12.0
[debug] [2025-08-09T03:23:42.817Z] Platform:      win32
[debug] [2025-08-09T03:23:42.817Z] Node Version:  v22.17.1
[debug] [2025-08-09T03:23:42.817Z] Time:          Fri Aug 08 2025 22:23:42 GMT-0500 (hora estándar de Colombia)
[debug] [2025-08-09T03:23:42.817Z] ----------------------------------------------------------------------
[debug] 
[debug] [2025-08-09T03:23:42.827Z] > command requires scopes: ["email","openid","https://www.googleapis.com/auth/cloudplatformprojects.readonly","https://www.googleapis.com/auth/firebase","https://www.googleapis.com/auth/cloud-platform"]
[debug] [2025-08-09T03:23:42.828Z] > authorizing via signed-in user (william.comunidad@gmail.com)
[info] 
     ######## #### ########  ######## ########     ###     ######  ########
     ##        ##  ##     ## ##       ##     ##  ##   ##  ##       ##
     ######    ##  ########  ######   ########  #########  ######  ######
     ##        ##  ##    ##  ##       ##     ## ##     ##       ## ##
     ##       #### ##     ## ######## ########  ##     ##  ######  ########

You're about to initialize a Firebase project in this directory:

  C:\Users\willi\OneDrive\Documents\Aplicaciones\lider

[info] 
=== Project Setup
[info] 
[info] First, let's associate this project directory with a Firebase project.
[info] You can create multiple project aliases by running firebase use --add, 
[info] but for now we'll just set up a default project.
[info] 
[debug] [2025-08-09T03:23:55.713Z] Checked if tokens are valid: true, expires at: 1754712989525
[debug] [2025-08-09T03:23:55.714Z] Checked if tokens are valid: true, expires at: 1754712989525
[debug] [2025-08-09T03:23:55.715Z] >>> [apiv2][query] GET https://firebase.googleapis.com/v1beta1/projects pageSize=100
[debug] [2025-08-09T03:23:56.250Z] <<< [apiv2][status] GET https://firebase.googleapis.com/v1beta1/projects 200
[debug] [2025-08-09T03:23:56.250Z] <<< [apiv2][body] GET https://firebase.googleapis.com/v1beta1/projects [omitted]
[info] i  Using project lider-interactivo (lider-interactivo) 
[info] 
=== Hosting Setup
[debug] [2025-08-09T03:24:02.750Z] Checked if tokens are valid: true, expires at: 1754712989525
[debug] [2025-08-09T03:24:02.750Z] Checked if tokens are valid: true, expires at: 1754712989525
[debug] [2025-08-09T03:24:02.750Z] >>> [apiv2][query] GET https://firebase.googleapis.com/v1beta1/projects/lider-interactivo [none]
[debug] [2025-08-09T03:24:03.162Z] <<< [apiv2][status] GET https://firebase.googleapis.com/v1beta1/projects/lider-interactivo 200
[debug] [2025-08-09T03:24:03.162Z] <<< [apiv2][body] GET https://firebase.googleapis.com/v1beta1/projects/lider-interactivo {"projectId":"lider-interactivo","projectNumber":"335309260316","displayName":"lider-interactivo","name":"projects/lider-interactivo","resources":{"hostingSite":"lider-interactivo"},"state":"ACTIVE","etag":"1_1988c82f-36ca-4a00-93b4-09bc881defaa"}
[info] 
[info] Your public directory is the folder (relative to your project directory) that
[info] will contain Hosting assets to be uploaded with firebase deploy. If you
[info] have a build process for your assets, use your build's output directory.
[info] 
[debug] [2025-08-09T03:24:12.078Z] >>> [apiv2][query] GET https://www.gstatic.com/firebasejs/releases.json [none]
[debug] [2025-08-09T03:24:12.218Z] <<< [apiv2][status] GET https://www.gstatic.com/firebasejs/releases.json 200
[debug] [2025-08-09T03:24:12.218Z] <<< [apiv2][body] GET https://www.gstatic.com/firebasejs/releases.json {"current":{"version":"12.1.0","browserURL":"https://www.gstatic.com/firebasejs/12.1.0/firebase.js","packageURL":"https://www.gstatic.com/firebasejs/12.1.0/firebase.tgz"},"live":{"version":"12.1","browserURL":"https://www.gstatic.com/firebasejs/live/12.1/firebase.js","packageURL":"https://www.gstatic.com/firebasejs/live/12.1/firebase.tgz"},"components":{"ai":"https://www.gstatic.com/firebasejs/12.1.0/firebase-ai.js","analytics":"https://www.gstatic.com/firebasejs/12.1.0/firebase-analytics.js","app":"https://www.gstatic.com/firebasejs/12.1.0/firebase-app.js","app-check":"https://www.gstatic.com/firebasejs/12.1.0/firebase-app-check.js","auth":"https://www.gstatic.com/firebasejs/12.1.0/firebase-auth.js","auth/cordova":"https://www.gstatic.com/firebasejs/12.1.0/firebase-auth/cordova.js","auth/web-extension":"https://www.gstatic.com/firebasejs/12.1.0/firebase-auth/web-extension.js","functions":"https://www.gstatic.com/firebasejs/12.1.0/firebase-functions.js","firestore":"https://www.gstatic.com/firebasejs/12.1.0/firebase-firestore.js","firestore/lite":"https://www.gstatic.com/firebasejs/12.1.0/firebase-firestore/lite.js","installations":"https://www.gstatic.com/firebasejs/12.1.0/firebase-installations.js","storage":"https://www.gstatic.com/firebasejs/12.1.0/firebase-storage.js","performance":"https://www.gstatic.com/firebasejs/12.1.0/firebase-performance.js","remote-config":"https://www.gstatic.com/firebasejs/12.1.0/firebase-remote-config.js","messaging":"https://www.gstatic.com/firebasejs/12.1.0/firebase-messaging.js","messaging/sw":"https://www.gstatic.com/firebasejs/12.1.0/firebase-messaging/sw.js","database":"https://www.gstatic.com/firebasejs/12.1.0/firebase-database.js","data-connect":"https://www.gstatic.com/firebasejs/12.1.0/firebase-data-connect.js","firestore.memory":"https://www.gstatic.com/firebasejs/12.1.0/firebase-firestore.memory.js"}}
[info] i  public/index.html is unchanged 
[info] 
[info] i  Detected a .git folder at C:\Users\willi\OneDrive\Documents\Aplicaciones\lider 
[info] i  Authorizing with GitHub to upload your service account to a GitHub repository's secrets store. 
[info] 
[info] Visit this URL on this device to log in:
[info] https://github.com/login/oauth/authorize?client_id=89cf50f02ac6aaed3484&state=91389999&redirect_uri=http%3A%2F%2Flocalhost%3A9005&scope=read%3Auser%20repo%20public_repo
[info] 
[info] Waiting for authentication...
[debug] [2025-08-09T03:24:12.874Z] >>> [apiv2][query] POST https://github.com/login/oauth/access_token [none]
[debug] [2025-08-09T03:24:12.874Z] >>> [apiv2][body] POST https://github.com/login/oauth/access_token [stream]
[debug] [2025-08-09T03:24:13.258Z] <<< [apiv2][status] POST https://github.com/login/oauth/access_token 200
[debug] [2025-08-09T03:24:13.258Z] <<< [apiv2][body] POST https://github.com/login/oauth/access_token {"access_token":"[REMOVIDO]","token_type":"bearer","scope":"read:user,repo"}
[debug] [2025-08-09T03:24:13.263Z] >>> [apiv2][query] GET https://api.github.com/user [none]
[debug] [2025-08-09T03:24:13.639Z] <<< [apiv2][status] GET https://api.github.com/user 200
[debug] [2025-08-09T03:24:13.639Z] <<< [apiv2][body] GET https://api.github.com/user {"login":"williamcmm","id":223586177,"node_id":"U_kgDODVOngQ","avatar_url":"https://avatars.githubusercontent.com/u/223586177?v=4","gravatar_id":"","url":"https://api.github.com/users/williamcmm","html_url":"https://github.com/williamcmm","followers_url":"https://api.github.com/users/williamcmm/followers","following_url":"https://api.github.com/users/williamcmm/following{/other_user}","gists_url":"https://api.github.com/users/williamcmm/gists{/gist_id}","starred_url":"https://api.github.com/users/williamcmm/starred{/owner}{/repo}","subscriptions_url":"https://api.github.com/users/williamcmm/subscriptions","organizations_url":"https://api.github.com/users/williamcmm/orgs","repos_url":"https://api.github.com/users/williamcmm/repos","events_url":"https://api.github.com/users/williamcmm/events{/privacy}","received_events_url":"https://api.github.com/users/williamcmm/received_events","type":"User","user_view_type":"private","site_admin":false,"name":null,"company":null,"blog":"","location":null,"email":null,"hireable":null,"bio":null,"twitter_username":null,"notification_email":null,"public_repos":0,"public_gists":0,"followers":0,"following":0,"created_at":"2025-07-30T02:08:23Z","updated_at":"2025-08-09T01:57:38Z","private_gists":0,"total_private_repos":0,"owned_private_repos":0,"disk_usage":0,"collaborators":0,"two_factor_authentication":false,"plan":{"name":"free","space":976562499,"collaborators":0,"private_repos":10000}}
[info] 
[info] +  Success! Logged into GitHub as williamcmm 
[info] 
[debug] [2025-08-09T03:27:13.145Z] >>> [apiv2][query] GET https://api.github.com/repos/y/actions/secrets/public-key type=owner
[debug] [2025-08-09T03:27:13.435Z] <<< [apiv2][status] GET https://api.github.com/repos/y/actions/secrets/public-key 404
[debug] [2025-08-09T03:27:13.436Z] <<< [apiv2][body] GET https://api.github.com/repos/y/actions/secrets/public-key {"message":"Not Found","documentation_url":"https://docs.github.com/rest","status":"404"}
[info] 
[info] 
[error] !  The provided authorization cannot be used with this repository. If this repository is in an organization, did you remember to grant access? 
[info] 
[info] i  Action required: Visit this URL to ensure access has been granted to the appropriate organization(s) for the Firebase CLI GitHub OAuth App: 
[info] https://github.com/settings/connections/applications/89cf50f02ac6aaed3484
[info] 
[debug] [2025-08-09T03:48:23.296Z] >>> [apiv2][query] GET https://api.github.com/repos/git init/actions/secrets/public-key type=owner
[debug] [2025-08-09T03:48:23.610Z] <<< [apiv2][status] GET https://api.github.com/repos/git init/actions/secrets/public-key 404
[debug] [2025-08-09T03:48:23.610Z] <<< [apiv2][body] GET https://api.github.com/repos/git init/actions/secrets/public-key {"message":"Not Found","documentation_url":"https://docs.github.com/rest","status":"404"}
[info] 
[info] 
[error] !  The provided authorization cannot be used with this repository. If this repository is in an organization, did you remember to grant access? 
[info] 
[info] i  Action required: Visit this URL to ensure access has been granted to the appropriate organization(s) for the Firebase CLI GitHub OAuth App: 
[info] https://github.com/settings/connections/applications/89cf50f02ac6aaed3484
[info] 
[debug] [2025-08-09T03:49:09.390Z] >>> [apiv2][query] GET https://api.github.com/repos/git push -u origin maingit inithttps://github.com/williamcmm/Lider-interactivo.git/actions/secrets/public-key type=owner
[debug] [2025-08-09T03:49:09.662Z] <<< [apiv2][status] GET https://api.github.com/repos/git push -u origin maingit inithttps://github.com/williamcmm/Lider-interactivo.git/actions/secrets/public-key 404
[debug] [2025-08-09T03:49:09.662Z] <<< [apiv2][body] GET https://api.github.com/repos/git push -u origin maingit inithttps://github.com/williamcmm/Lider-interactivo.git/actions/secrets/public-key {"message":"Not Found","documentation_url":"https://docs.github.com/rest","status":"404"}
[info] 
[info] 
[error] !  The provided authorization cannot be used with this repository. If this repository is in an organization, did you remember to grant access? 
[info] 
[info] i  Action required: Visit this URL to ensure access has been granted to the appropriate organization(s) for the Firebase CLI GitHub OAuth App: 
[info] https://github.com/settings/connections/applications/89cf50f02ac6aaed3484
[info] 
[debug] [2025-08-09T03:53:09.972Z] >>> [apiv2][query] GET https://api.github.com/repos/git init/actions/secrets/public-key type=owner
[debug] [2025-08-09T03:53:10.282Z] <<< [apiv2][status] GET https://api.github.com/repos/git init/actions/secrets/public-key 404
[debug] [2025-08-09T03:53:10.283Z] <<< [apiv2][body] GET https://api.github.com/repos/git init/actions/secrets/public-key {"message":"Not Found","documentation_url":"https://docs.github.com/rest","status":"404"}
[info] 
[info] 
[error] !  The provided authorization cannot be used with this repository. If this repository is in an organization, did you remember to grant access? 
[info] 
[info] i  Action required: Visit this URL to ensure access has been granted to the appropriate organization(s) for the Firebase CLI GitHub OAuth App: 
[info] https://github.com/settings/connections/applications/89cf50f02ac6aaed3484
[info] 
[debug] [2025-08-09T03:53:26.359Z] >>> [apiv2][query] GET https://api.github.com/repos/git initgit add /actions/secrets/public-key type=owner
[debug] [2025-08-09T03:53:26.707Z] <<< [apiv2][status] GET https://api.github.com/repos/git initgit add /actions/secrets/public-key 404
[debug] [2025-08-09T03:53:26.707Z] <<< [apiv2][body] GET https://api.github.com/repos/git initgit add /actions/secrets/public-key {"message":"Not Found","documentation_url":"https://docs.github.com/rest","status":"404"}
[info] 
[info] 
[error] !  The provided authorization cannot be used with this repository. If this repository is in an organization, did you remember to grant access? 
[info] 
[info] i  Action required: Visit this URL to ensure access has been granted to the appropriate organization(s) for the Firebase CLI GitHub OAuth App: 
[info] https://github.com/settings/connections/applications/89cf50f02ac6aaed3484
[info] 
[debug] [2025-08-09T03:54:54.640Z] ExitPromptError: User force closed the prompt with SIGINT
    at Interface.sigint (C:\Users\willi\AppData\Roaming\npm\node_modules\firebase-tools\node_modules\@inquirer\core\dist\commonjs\lib\create-prompt.js:101:37)
    at Interface.emit (node:events:518:28)
    at Interface.emit (node:domain:489:12)
    at [_ttyWrite] [as _ttyWrite] (node:internal/readline/interface:1132:18)
    at ReadStream.onkeypress (node:internal/readline/interface:271:20)
    at ReadStream.emit (node:events:530:35)
    at ReadStream.emit (node:domain:489:12)
    at emitKeys (node:internal/readline/utils:370:14)
    at emitKeys.next (<anonymous>)
    at ReadStream.onData (node:internal/readline/emitKeypressEvents:64:36)
[error] 
[error] Error: An unexpected error has occurred.
